<?xml version="1.0" encoding="UTF-8"?>
<!-- Generated by org.testng.reporters.JUnitXMLReporter -->
<testsuite hostname="MSI" ignored="2" name="Android device Redmi" tests="1" failures="0" timestamp="10 Apr 2023 11:26:16 GMT" time="13.855" errors="0">
  <testcase name="skipGuideInfoOnLandingPageTest" time="1.605" classname="com.dadlabs.tests.LandingPageTest"/>
  <testcase name="swipeGuideInfoTest" time="0.0" classname="com.dadlabs.tests.LandingPageTest">
    <ignored/>
  </testcase> <!-- swipeGuideInfoTest -->
  <testcase name="exploreGuideInfoTest" time="0.0" classname="com.dadlabs.tests.LandingPageTest">
    <ignored/>
  </testcase> <!-- exploreGuideInfoTest -->
</testsuite> <!-- Android device Redmi -->
