<?xml version="1.0" encoding="UTF-8"?>
<!-- Generated by org.testng.reporters.JUnitXMLReporter -->
<testsuite hostname="MSI" ignored="2" name="Android device" tests="1" failures="0" timestamp="10 Apr 2023 20:27:54 GMT" time="19.296" errors="0">
  <testcase name="skipGuideInfoOnLandingPageTest" time="1.773" classname="com.dadlabs.tests.LandingPageTest"/>
  <testcase name="swipeGuideInfoTest" time="0.0" classname="com.dadlabs.tests.LandingPageTest">
    <ignored/>
  </testcase> <!-- swipeGuideInfoTest -->
  <testcase name="exploreGuideInfoTest" time="0.0" classname="com.dadlabs.tests.LandingPageTest">
    <ignored/>
  </testcase> <!-- exploreGuideInfoTest -->
</testsuite> <!-- Android device -->
