<?xml version="1.0" encoding="UTF-8"?>
<!-- Generated by org.testng.reporters.JUnitXMLReporter -->
<testsuite hostname="MSI" ignored="2" name="Android Emulator" tests="1" failures="0" timestamp="26 May 2023 07:01:43 GMT" time="21.237" errors="0">
  <testcase name="skipGuideInfoOnLandingPageTest" time="1.197" classname="com.dadlabs.tests.LandingPageTest"/>
  <testcase name="swipeGuideInfoTest" time="0.0" classname="com.dadlabs.tests.LandingPageTest">
    <ignored/>
  </testcase> <!-- swipeGuideInfoTest -->
  <testcase name="exploreGuideInfoTest" time="0.0" classname="com.dadlabs.tests.LandingPageTest">
    <ignored/>
  </testcase> <!-- exploreGuideInfoTest -->
</testsuite> <!-- Android Emulator -->
